<?xml version="1.0" encoding="UTF-8"?>
<!-- Generated by org.testng.reporters.JUnitReportReporter -->
<testsuite hostname="DESKTOP-SV5FU2G" failures="0" tests="3" name="Tsetng.ParallelExecution" time="208.784" errors="0" timestamp="2022-12-14T21:57:55 IST" skipped="0">
  <testcase classname="Tsetng.ParallelExecution" name="launchAmazon" time="85.666"/>
  <system-out/>
  <testcase classname="Tsetng.ParallelExecution" name="launchGoogle" time="55.883"/>
  <system-out/>
  <testcase classname="Tsetng.ParallelExecution" name="launchGuru" time="67.235"/>
  <system-out/>
</testsuite> <!-- Tsetng.ParallelExecution -->
