<?xml version="1.0" encoding="UTF-8"?>
<!-- Generated by org.testng.reporters.JUnitReportReporter -->
<testsuite hostname="DESKTOP-SV5FU2G" failures="0" tests="4" name="Tsetng.GroupsTestNg" time="0.010" errors="0" timestamp="2022-12-14T21:43:46 IST" skipped="0">
  <testcase classname="Tsetng.GroupsTestNg" name="test3" time="0.007"/>
  <system-out/>
  <testcase classname="Tsetng.GroupsTestNg" name="verifylogin" time="0.001"/>
  <system-out/>
  <testcase classname="Tsetng.GroupsTestNg" name="test4" time="0.001"/>
  <system-out/>
  <testcase classname="Tsetng.GroupsTestNg" name="verifyRegistration" time="0.001"/>
  <system-out/>
</testsuite> <!-- Tsetng.GroupsTestNg -->
