<?xml version="1.0" encoding="UTF-8"?>
<!-- Generated by org.testng.reporters.JUnitReportReporter -->
<testsuite hostname="DESKTOP-SV5FU2G" failures="0" tests="1" name="com.param.testcases.GoogleSearchTestNG" time="51.055" errors="0" timestamp="2022-12-17T19:26:47 IST" skipped="0">
  <testcase classname="com.param.testcases.GoogleSearchTestNG" name="googleSearch" time="51.055"/>
  <system-out>
    <![CDATA[Verification done]]>
  </system-out>
</testsuite> <!-- com.param.testcases.GoogleSearchTestNG -->
