<?xml version="1.0" encoding="UTF-8"?>
<!-- Generated by org.testng.reporters.JUnitReportReporter -->
<testsuite hostname="DESKTOP-SV5FU2G" failures="0" tests="1" name="com.paramedutech.project.selenium.TestNgannotation" time="19.016" errors="0" timestamp="2022-12-14T21:33:19 IST" skipped="0">
  <testcase classname="com.paramedutech.project.selenium.TestNgannotation" name="verify_login" time="19.016"/>
  <system-out/>
</testsuite> <!-- com.paramedutech.project.selenium.TestNgannotation -->
